build/app/intermediates/manifest_merge_blame_file/release/manifest-merger-blame-release-report.txt
1<?xml version="1.0" encoding="utf-8"?>
2<manifest xmlns:android="http://schemas.android.com/apk/res/android"
3    package="com.hangtian.hongtu.ydsd"
4    android:versionCode="66"
5    android:versionName="1.1.2" >
6
7    <uses-sdk
8        android:minSdkVersion="16"
8-->src\main\AndroidManifest.xml
9        android:targetSdkVersion="29" />
9-->src\main\AndroidManifest.xml
10    <!--
11         io.flutter.app.FlutterApplication is an android.app.Application that
12         calls FlutterMain.startInitialization(this); in its onCreate method.
13         In most cases you can leave this as-is, but you if you want to provide
14         additional functionality it is fine to subclass or reimplement
15         FlutterApplication and put your custom class here.
16    -->
17
18
19    <!-- 权限级别: dangerous -->
20    <uses-permission android:name="android.permission.RECORD_AUDIO" />
20-->src\main\AndroidManifest.xml:12:5-71
20-->src\main\AndroidManifest.xml:12:22-68
21    <uses-permission android:name="android.permission.CAMERA" />
21-->src\main\AndroidManifest.xml:13:5-65
21-->src\main\AndroidManifest.xml:13:22-62
22    <uses-permission android:name="android.permission.READ_PHONE_STATE" />
22-->src\main\AndroidManifest.xml:14:5-75
22-->src\main\AndroidManifest.xml:14:22-72
23    <uses-permission android:name="android.permission.WRITE_EXTERNAL_STORAGE" />
23-->src\main\AndroidManifest.xml:15:5-81
23-->src\main\AndroidManifest.xml:15:22-78
24    <!-- 权限级别: normal -->
25    <uses-permission android:name="android.permission.ACCESS_NETWORK_STATE" />
25-->src\main\AndroidManifest.xml:17:5-79
25-->src\main\AndroidManifest.xml:17:22-76
26    <uses-permission android:name="android.permission.ACCESS_WIFI_STATE" />
26-->src\main\AndroidManifest.xml:18:5-76
26-->src\main\AndroidManifest.xml:18:22-73
27    <uses-permission android:name="android.permission.INTERNET" />
27-->src\main\AndroidManifest.xml:19:5-67
27-->src\main\AndroidManifest.xml:19:22-64
28    <uses-permission android:name="android.permission.READ_EXTERNAL_STORAGE" />
28-->src\main\AndroidManifest.xml:20:5-80
28-->src\main\AndroidManifest.xml:20:22-77
29    <uses-permission android:name="android.permission.MOUNT_UNMOUNT_FILESYSTEMS" />
29-->src\main\AndroidManifest.xml:21:5-84
29-->src\main\AndroidManifest.xml:21:22-81
30    <uses-permission android:name="android.permission.WRITE_SETTINGS" />
30-->src\main\AndroidManifest.xml:22:5-73
30-->src\main\AndroidManifest.xml:22:22-70
31    <uses-permission android:name="android.permission.ACCESS_FINE_LOCATION" />
31-->src\main\AndroidManifest.xml:23:5-79
31-->src\main\AndroidManifest.xml:23:22-76
32    <uses-permission android:name="android.hardware.camera.autofocus" />
32-->src\main\AndroidManifest.xml:24:5-73
32-->src\main\AndroidManifest.xml:24:22-70
33    <uses-permission android:name="android.permission.WAKE_LOCK" />
33-->src\main\AndroidManifest.xml:25:5-68
33-->src\main\AndroidManifest.xml:25:22-65
34
35    <!-- 需要使用Feature -->
36    <uses-feature
36-->src\main\AndroidManifest.xml:28:5-30:36
37        android:name="android.hardware.camera"
37-->src\main\AndroidManifest.xml:29:9-47
38        android:required="false" />
38-->src\main\AndroidManifest.xml:30:9-33
39    <uses-feature
39-->src\main\AndroidManifest.xml:31:5-33:36
40        android:name="android.hardware.camera.front"
40-->src\main\AndroidManifest.xml:32:9-53
41        android:required="false" />
41-->src\main\AndroidManifest.xml:33:9-33
42    <uses-feature
42-->src\main\AndroidManifest.xml:34:5-36:36
43        android:name="android.hardware.camera.autofocus"
43-->src\main\AndroidManifest.xml:35:9-57
44        android:required="false" />
44-->src\main\AndroidManifest.xml:36:9-33
45    <uses-feature
45-->src\main\AndroidManifest.xml:37:5-39:36
46        android:name="android.hardware.camera.flash"
46-->src\main\AndroidManifest.xml:38:9-53
47        android:required="false" />
47-->src\main\AndroidManifest.xml:39:9-33
48
49    <uses-permission android:name="android.permission.BLUETOOTH" />
49-->[:bennenscan] AndroidManifest.xml:11:5-68
49-->[:bennenscan] AndroidManifest.xml:11:22-65
50    <uses-permission android:name="android.permission.BLUETOOTH_ADMIN" />
50-->[:bennenscan] AndroidManifest.xml:12:5-74
50-->[:bennenscan] AndroidManifest.xml:12:22-71
51    <uses-permission android:name="android.permission.ACCESS_COARSE_LOCATION" />
51-->[:bennenscan] AndroidManifest.xml:13:5-81
51-->[:bennenscan] AndroidManifest.xml:13:22-78
52
53    <application
53-->src\main\AndroidManifest.xml:41:5-100:19
54        android:name="com.hangtian.hongtu.ydsd.AppApplication"
54-->src\main\AndroidManifest.xml:42:9-39
55        android:allowBackup="false"
55-->src\main\AndroidManifest.xml:43:9-36
56        android:appComponentFactory="androidx.core.app.CoreComponentFactory"
56-->[androidx.core:core:1.1.0] AndroidManifest.xml:24:18-86
57        android:hardwareAccelerated="true"
57-->src\main\AndroidManifest.xml:44:9-43
58        android:icon="@mipmap/ydsd_launcher"
58-->src\main\AndroidManifest.xml:45:9-45
59        android:label="@string/app_name"
59-->src\main\AndroidManifest.xml:46:9-41
60        android:largeHeap="true"
60-->src\main\AndroidManifest.xml:47:9-33
61        android:networkSecurityConfig="@xml/network_security_config"
61-->src\main\AndroidManifest.xml:48:9-69
62        android:roundIcon="@mipmap/ic_launcher_round"
62-->src\main\AndroidManifest.xml:49:9-54
63        android:supportsRtl="false"
63-->src\main\AndroidManifest.xml:50:9-36
64        android:theme="@style/AppTheme" >
64-->src\main\AndroidManifest.xml:51:9-40
65
66        <!--
67             Don't delete the meta-data below.
68            This is used by the Flutter tool to generate GeneratedPluginRegistrant.java
69        -->
70        <meta-data
70-->src\main\AndroidManifest.xml:56:9-58:33
71            android:name="flutterEmbedding"
71-->src\main\AndroidManifest.xml:57:13-44
72            android:value="2" />
72-->src\main\AndroidManifest.xml:58:13-30
73
74        <activity
74-->src\main\AndroidManifest.xml:60:9-98:20
75            android:name="com.hangtian.hongtu.ydsd.MainActivity"
75-->src\main\AndroidManifest.xml:61:13-41
76            android:configChanges="orientation|keyboardHidden|keyboard|screenSize|smallestScreenSize|locale|layoutDirection|fontScale|screenLayout|density|uiMode"
76-->src\main\AndroidManifest.xml:62:13-163
77            android:hardwareAccelerated="true"
77-->src\main\AndroidManifest.xml:63:13-47
78            android:launchMode="singleTask"
78-->src\main\AndroidManifest.xml:64:13-44
79            android:screenOrientation="portrait"
79-->src\main\AndroidManifest.xml:66:13-49
80            android:theme="@style/LaunchTheme"
80-->src\main\AndroidManifest.xml:65:13-47
81            android:windowSoftInputMode="adjustResize" >
81-->src\main\AndroidManifest.xml:67:13-55
82
83            <!--
84                 Specifies an Android theme to apply to this Activity as soon as
85                 the Android process has started. This theme is visible to the user
86                 while the Flutter UI initializes. After that, this theme continues
87                 to determine the Window background behind the Flutter UI.
88            -->
89            <meta-data
89-->src\main\AndroidManifest.xml:73:13-75:57
90                android:name="io.flutter.embedding.android.NormalTheme"
90-->src\main\AndroidManifest.xml:74:17-72
91                android:resource="@style/NormalTheme" />
91-->src\main\AndroidManifest.xml:75:17-54
92            <!--
93                 Displays an Android View that continues showing the launch screen
94                 Drawable until Flutter paints its first frame, then this splash
95                 screen fades out. A splash screen is useful to avoid any visual
96                 gap between the end of Android's launch screen and the painting of
97                 Flutter's first frame.
98            -->
99            <meta-data
99-->src\main\AndroidManifest.xml:81:13-83:66
100                android:name="io.flutter.embedding.android.SplashScreenDrawable"
100-->src\main\AndroidManifest.xml:82:17-81
101                android:resource="@drawable/launch_background" />
101-->src\main\AndroidManifest.xml:83:17-63
102
103            <intent-filter>
103-->src\main\AndroidManifest.xml:84:13-87:29
104                <action android:name="android.intent.action.MAIN" />
104-->src\main\AndroidManifest.xml:85:17-69
104-->src\main\AndroidManifest.xml:85:25-66
105
106                <category android:name="android.intent.category.LAUNCHER" />
106-->src\main\AndroidManifest.xml:86:17-77
106-->src\main\AndroidManifest.xml:86:27-74
107            </intent-filter>
108            <intent-filter>
108-->src\main\AndroidManifest.xml:88:13-97:29
109                <action android:name="com.htzx.schemeactivity" />
109-->src\main\AndroidManifest.xml:89:17-73
109-->src\main\AndroidManifest.xml:89:25-63
110                <action android:name="android.intent.action.VIEW" />
110-->src\main\AndroidManifest.xml:90:17-69
110-->src\main\AndroidManifest.xml:90:25-66
111
112                <category android:name="android.intent.category.DEFAULT" />
112-->src\main\AndroidManifest.xml:91:17-76
112-->src\main\AndroidManifest.xml:91:27-73
113                <category android:name="android.intent.category.BROWSABLE" />
113-->src\main\AndroidManifest.xml:92:17-78
113-->src\main\AndroidManifest.xml:92:27-75
114                <!-- 配置scheme -->
115                <data
115-->src\main\AndroidManifest.xml:94:17-96:41
116                    android:host="app"
116-->src\main\AndroidManifest.xml:96:21-39
117                    android:scheme="ydsd" />
117-->src\main\AndroidManifest.xml:95:21-42
118            </intent-filter>
119        </activity>
120
121        <service
121-->[:huatuoscan] AndroidManifest.xml:12:9-14:42
122            android:name="com.hangtian.hongtu.huatuoscan.ScanService"
122-->[:huatuoscan] AndroidManifest.xml:13:13-70
123            android:process=":ht_scan" />
123-->[:huatuoscan] AndroidManifest.xml:14:13-39
124
125        <activity
125-->[:bennenscan] AndroidManifest.xml:20:9-23:20
126            android:name="com.hangtian.hongtu.TestActivity"
126-->[:bennenscan] AndroidManifest.xml:21:13-60
127            android:label="本能" >
127-->[:bennenscan] AndroidManifest.xml:22:13-31
128        </activity>
129
130        <service
130-->[:bennenscan] AndroidManifest.xml:25:9-28:19
131            android:name="com.hangtian.hongtu.service.KeepLifeService"
131-->[:bennenscan] AndroidManifest.xml:26:13-71
132            android:process=":bn_service" >
132-->[:bennenscan] AndroidManifest.xml:27:13-42
133        </service>
134
135        <activity
135-->[:url_launcher] AndroidManifest.xml:8:9-11:74
136            android:name="io.flutter.plugins.urllauncher.WebViewActivity"
136-->[:url_launcher] AndroidManifest.xml:9:13-74
137            android:exported="false"
137-->[:url_launcher] AndroidManifest.xml:10:13-37
138            android:theme="@android:style/Theme.NoTitleBar.Fullscreen" />
138-->[:url_launcher] AndroidManifest.xml:11:13-71
139    </application>
140
141</manifest>